[2022-12-13 16:21:27] [INFO   ] cannot read configuration file config.properties trying from resources.
[2022-12-13 16:21:27] [INFO   ] configuration file was loaded from resources directory.
[2022-12-13 16:21:27] [SEVERE ] placing card 0 in slot 0
[2022-12-13 16:21:28] [SEVERE ] placing card 1 in slot 1
[2022-12-13 16:21:28] [SEVERE ] placing card 2 in slot 2
[2022-12-13 16:21:28] [SEVERE ] placing card 3 in slot 3
[2022-12-13 16:21:28] [SEVERE ] placing card 4 in slot 4
[2022-12-13 16:21:28] [SEVERE ] placing card 5 in slot 5
[2022-12-13 16:21:28] [SEVERE ] placing card 6 in slot 6
[2022-12-13 16:21:28] [SEVERE ] placing card 7 in slot 7
[2022-12-13 16:21:28] [SEVERE ] placing card 8 in slot 8
[2022-12-13 16:21:28] [SEVERE ] placing card 9 in slot 9
[2022-12-13 16:21:28] [SEVERE ] placing card 10 in slot 10
[2022-12-13 16:21:29] [SEVERE ] placing card 11 in slot 11
[2022-12-13 16:21:30] [SEVERE ] Key 81 was pressed by player 0
[2022-12-13 16:22:29] [SEVERE ] removing card from slot 0
[2022-12-13 16:22:29] [SEVERE ] removing player 0 token from slot 0
[2022-12-13 16:22:29] [SEVERE ] removing player 1 token from slot 0
[2022-12-13 16:22:29] [SEVERE ] removing card from slot 1
[2022-12-13 16:22:29] [SEVERE ] removing player 0 token from slot 1
[2022-12-13 16:22:29] [SEVERE ] removing player 1 token from slot 1
[2022-12-13 16:22:29] [SEVERE ] removing card from slot 2
[2022-12-13 16:22:29] [SEVERE ] removing player 0 token from slot 2
[2022-12-13 16:22:29] [SEVERE ] removing player 1 token from slot 2
[2022-12-13 16:22:29] [SEVERE ] removing card from slot 3
[2022-12-13 16:22:29] [SEVERE ] removing player 0 token from slot 3
[2022-12-13 16:22:29] [SEVERE ] removing player 1 token from slot 3
[2022-12-13 16:22:29] [SEVERE ] removing card from slot 4
[2022-12-13 16:22:29] [SEVERE ] removing player 0 token from slot 4
[2022-12-13 16:22:29] [SEVERE ] removing player 1 token from slot 4
[2022-12-13 16:22:29] [SEVERE ] removing card from slot 5
[2022-12-13 16:22:29] [SEVERE ] removing player 0 token from slot 5
[2022-12-13 16:22:29] [SEVERE ] removing player 1 token from slot 5
[2022-12-13 16:22:29] [SEVERE ] removing card from slot 6
[2022-12-13 16:22:29] [SEVERE ] removing player 0 token from slot 6
[2022-12-13 16:22:29] [SEVERE ] removing player 1 token from slot 6
[2022-12-13 16:22:29] [SEVERE ] removing card from slot 7
[2022-12-13 16:22:29] [SEVERE ] removing player 0 token from slot 7
[2022-12-13 16:22:29] [SEVERE ] removing player 1 token from slot 7
[2022-12-13 16:22:29] [SEVERE ] removing card from slot 8
[2022-12-13 16:22:29] [SEVERE ] removing player 0 token from slot 8
[2022-12-13 16:22:29] [SEVERE ] removing player 1 token from slot 8
[2022-12-13 16:22:29] [SEVERE ] removing card from slot 9
[2022-12-13 16:22:29] [SEVERE ] removing player 0 token from slot 9
[2022-12-13 16:22:29] [SEVERE ] removing player 1 token from slot 9
[2022-12-13 16:22:29] [SEVERE ] removing card from slot 10
[2022-12-13 16:22:29] [SEVERE ] removing player 0 token from slot 10
[2022-12-13 16:22:29] [SEVERE ] removing player 1 token from slot 10
[2022-12-13 16:22:29] [SEVERE ] removing card from slot 11
[2022-12-13 16:22:29] [SEVERE ] removing player 0 token from slot 11
[2022-12-13 16:22:29] [SEVERE ] removing player 1 token from slot 11
