[2022-12-13 16:23:45] [INFO   ] cannot read configuration file config.properties trying from resources.
[2022-12-13 16:23:45] [INFO   ] configuration file was loaded from resources directory.
[2022-12-13 16:23:45] [SEVERE ] placing card 0 in slot 0
[2022-12-13 16:23:45] [SEVERE ] placing card 1 in slot 1
[2022-12-13 16:23:45] [SEVERE ] placing card 2 in slot 2
[2022-12-13 16:23:45] [SEVERE ] placing card 3 in slot 3
[2022-12-13 16:23:46] [SEVERE ] placing card 4 in slot 4
[2022-12-13 16:23:46] [SEVERE ] placing card 5 in slot 5
[2022-12-13 16:23:46] [SEVERE ] placing card 6 in slot 6
[2022-12-13 16:23:46] [SEVERE ] placing card 7 in slot 7
[2022-12-13 16:23:46] [SEVERE ] placing card 8 in slot 8
[2022-12-13 16:23:46] [SEVERE ] placing card 9 in slot 9
[2022-12-13 16:23:46] [SEVERE ] placing card 10 in slot 10
[2022-12-13 16:23:46] [SEVERE ] placing card 11 in slot 11
[2022-12-13 16:23:48] [SEVERE ] Key 81 was pressed by player 0
[2022-12-13 16:23:48] [SEVERE ] player 0 placing token on slot 0
[2022-12-13 16:23:51] [SEVERE ] Key 87 was pressed by player 0
[2022-12-13 16:23:51] [SEVERE ] player 0 placing token on slot 1
[2022-12-13 16:23:53] [SEVERE ] Key 80 was pressed by player 1
[2022-12-13 16:23:53] [SEVERE ] player 1 placing token on slot 3
[2022-12-13 16:23:55] [SEVERE ] Key 65 was pressed by player 0
[2022-12-13 16:23:55] [SEVERE ] player 0 placing token on slot 4
[2022-12-13 16:23:58] [SEVERE ] Key 81 was pressed by player 0
[2022-12-13 16:23:58] [SEVERE ] removing player 0 token from slot 0
[2022-12-13 16:24:00] [SEVERE ] Key 87 was pressed by player 0
[2022-12-13 16:24:00] [SEVERE ] removing player 0 token from slot 1
[2022-12-13 16:24:01] [SEVERE ] Key 65 was pressed by player 0
[2022-12-13 16:24:01] [SEVERE ] removing player 0 token from slot 4
[2022-12-13 16:24:14] [SEVERE ] Key 65 was pressed by player 0
[2022-12-13 16:24:14] [SEVERE ] removing player 0 token from slot 4
[2022-12-13 16:24:14] [SEVERE ] Key 87 was pressed by player 0
[2022-12-13 16:24:14] [SEVERE ] removing player 0 token from slot 1
[2022-12-13 16:24:16] [SEVERE ] Key 65 was pressed by player 0
[2022-12-13 16:24:16] [SEVERE ] removing player 0 token from slot 4
[2022-12-13 16:24:17] [SEVERE ] Key 65 was pressed by player 0
[2022-12-13 16:24:17] [SEVERE ] removing player 0 token from slot 4
[2022-12-13 16:24:18] [SEVERE ] Key 81 was pressed by player 0
[2022-12-13 16:24:18] [SEVERE ] removing player 0 token from slot 0
[2022-12-13 16:24:18] [SEVERE ] Key 81 was pressed by player 0
[2022-12-13 16:24:18] [SEVERE ] removing player 0 token from slot 0
[2022-12-13 16:24:21] [SEVERE ] Exit button pressed
[2022-12-13 16:24:21] [SEVERE ] removing card from slot 0
[2022-12-13 16:24:21] [SEVERE ] removing player 0 token from slot 0
[2022-12-13 16:24:21] [SEVERE ] removing player 1 token from slot 0
[2022-12-13 16:24:21] [SEVERE ] removing card from slot 1
[2022-12-13 16:24:21] [SEVERE ] removing player 0 token from slot 1
[2022-12-13 16:24:21] [SEVERE ] removing player 1 token from slot 1
[2022-12-13 16:24:21] [SEVERE ] removing card from slot 2
[2022-12-13 16:24:21] [SEVERE ] removing player 0 token from slot 2
[2022-12-13 16:24:21] [SEVERE ] removing player 1 token from slot 2
[2022-12-13 16:24:21] [SEVERE ] removing card from slot 3
[2022-12-13 16:24:21] [SEVERE ] removing player 0 token from slot 3
[2022-12-13 16:24:21] [SEVERE ] removing player 1 token from slot 3
[2022-12-13 16:24:21] [SEVERE ] removing card from slot 4
[2022-12-13 16:24:21] [SEVERE ] removing player 0 token from slot 4
[2022-12-13 16:24:21] [SEVERE ] removing player 1 token from slot 4
[2022-12-13 16:24:21] [SEVERE ] removing card from slot 5
[2022-12-13 16:24:21] [SEVERE ] removing player 0 token from slot 5
[2022-12-13 16:24:21] [SEVERE ] removing player 1 token from slot 5
[2022-12-13 16:24:21] [SEVERE ] removing card from slot 6
[2022-12-13 16:24:21] [SEVERE ] removing player 0 token from slot 6
[2022-12-13 16:24:21] [SEVERE ] removing player 1 token from slot 6
[2022-12-13 16:24:21] [SEVERE ] removing card from slot 7
[2022-12-13 16:24:21] [SEVERE ] removing player 0 token from slot 7
[2022-12-13 16:24:21] [SEVERE ] removing player 1 token from slot 7
[2022-12-13 16:24:21] [SEVERE ] removing card from slot 8
[2022-12-13 16:24:21] [SEVERE ] removing player 0 token from slot 8
[2022-12-13 16:24:21] [SEVERE ] removing player 1 token from slot 8
[2022-12-13 16:24:21] [SEVERE ] removing card from slot 9
[2022-12-13 16:24:21] [SEVERE ] removing player 0 token from slot 9
[2022-12-13 16:24:21] [SEVERE ] removing player 1 token from slot 9
[2022-12-13 16:24:21] [SEVERE ] removing card from slot 10
[2022-12-13 16:24:21] [SEVERE ] removing player 0 token from slot 10
[2022-12-13 16:24:21] [SEVERE ] removing player 1 token from slot 10
[2022-12-13 16:24:21] [SEVERE ] removing card from slot 11
[2022-12-13 16:24:21] [SEVERE ] removing player 0 token from slot 11
[2022-12-13 16:24:21] [SEVERE ] removing player 1 token from slot 11
[2022-12-13 16:24:21] [INFO   ] Thread main terminated.
